# JRE version: OpenJDK Runtime Environment (8.0_161-b12) (build 1.8.0_161-b12)
# Java VM: OpenJDK 64-Bit Server VM (25.161-b12 mixed mode linux-amd64 compressed oops)
Heap:
 PSYoungGen      total 911360K, used 244263K [0x000000076d100000, 0x00000007b1600000, 0x00000007c0000000)
  eden space 868864K, 23% used [0x000000076d100000,0x000000077960dd10,0x00000007a2180000)
  from space 42496K, 99% used [0x00000007aec80000,0x00000007b15fc050,0x00000007b1600000)
  to   space 76800K, 0% used [0x00000007a8000000,0x00000007a8000000,0x00000007acb00000)
 ParOldGen       total 214016K, used 176017K [0x00000006c7200000, 0x00000006d4300000, 0x000000076d100000)
  object space 214016K, 82% used [0x00000006c7200000,0x00000006d1de4640,0x00000006d4300000)
 Metaspace       used 62099K, capacity 92161K, committed 92200K, reserved 1114112K
  class space    used 16965K, capacity 27154K, committed 27176K, reserved 1048576K
GC Heap History (10 events):
Event: 2020,007 GC heap before
{Heap before GC invocations=19 (full 3):
 PSYoungGen      total 904192K, used 904160K [0x000000076d100000, 0x00000007ae080000, 0x00000007c0000000)
  eden space 883200K, 100% used [0x000000076d100000,0x00000007a2f80000,0x00000007a2f80000)
  from space 20992K, 99% used [0x00000007a2f80000,0x00000007a43f80d0,0x00000007a4400000)
  to   space 31744K, 0% used [0x00000007ac180000,0x00000007ac180000,0x00000007ae080000)
 ParOldGen       total 214016K, used 68669K [0x00000006c7200000, 0x00000006d4300000, 0x000000076d100000)
  object space 214016K, 32% used [0x00000006c7200000,0x00000006cb50f6e8,0x00000006d4300000)
 Metaspace       used 58792K, capacity 83049K, committed 83240K, reserved 1107968K
  class space    used 15928K, capacity 23996K, committed 24104K, reserved 1048576K
Event: 2020,037 GC heap after
Heap after GC invocations=19 (full 3):
 PSYoungGen      total 1021952K, used 31712K [0x000000076d100000, 0x00000007aed80000, 0x00000007c0000000)
  eden space 990208K, 0% used [0x000000076d100000,0x000000076d100000,0x00000007a9800000)
  from space 31744K, 99% used [0x00000007ac180000,0x00000007ae0780a0,0x00000007ae080000)
  to   space 42496K, 0% used [0x00000007a9800000,0x00000007a9800000,0x00000007ac180000)
 ParOldGen       total 214016K, used 83720K [0x00000006c7200000, 0x00000006d4300000, 0x000000076d100000)
  object space 214016K, 39% used [0x00000006c7200000,0x00000006cc3c2398,0x00000006d4300000)
 Metaspace       used 58792K, capacity 83049K, committed 83240K, reserved 1107968K
  class space    used 15928K, capacity 23996K, committed 24104K, reserved 1048576K
}
Event: 2199,087 GC heap before
{Heap before GC invocations=20 (full 3):
 PSYoungGen      total 1021952K, used 1021920K [0x000000076d100000, 0x00000007aed80000, 0x00000007c0000000)
  eden space 990208K, 100% used [0x000000076d100000,0x00000007a9800000,0x00000007a9800000)
  from space 31744K, 99% used [0x00000007ac180000,0x00000007ae0780a0,0x00000007ae080000)
  to   space 42496K, 0% used [0x00000007a9800000,0x00000007a9800000,0x00000007ac180000)
 ParOldGen       total 214016K, used 83720K [0x00000006c7200000, 0x00000006d4300000, 0x000000076d100000)
  object space 214016K, 39% used [0x00000006c7200000,0x00000006cc3c2398,0x00000006d4300000)
 Metaspace       used 59635K, capacity 85103K, committed 85288K, reserved 1110016K
  class space    used 16214K, capacity 24790K, committed 24872K, reserved 1048576K
Event: 2199,125 GC heap after
Heap after GC invocations=20 (full 3):
 PSYoungGen      total 1032704K, used 42464K [0x000000076d100000, 0x00000007b5300000, 0x00000007c0000000)
  eden space 990208K, 0% used [0x000000076d100000,0x000000076d100000,0x00000007a9800000)
  from space 42496K, 99% used [0x00000007a9800000,0x00000007ac178080,0x00000007ac180000)
  to   space 62976K, 0% used [0x00000007b1580000,0x00000007b1580000,0x00000007b5300000)
 ParOldGen       total 214016K, used 120143K [0x00000006c7200000, 0x00000006d4300000, 0x000000076d100000)
  object space 214016K, 56% used [0x00000006c7200000,0x00000006ce753e00,0x00000006d4300000)
 Metaspace       used 59635K, capacity 85103K, committed 85288K, reserved 1110016K
  class space    used 16214K, capacity 24790K, committed 24872K, reserved 1048576K
}
Event: 2460,819 GC heap before
{Heap before GC invocations=21 (full 3):
 PSYoungGen      total 1032704K, used 1032672K [0x000000076d100000, 0x00000007b5300000, 0x00000007c0000000)
  eden space 990208K, 100% used [0x000000076d100000,0x00000007a9800000,0x00000007a9800000)
  from space 42496K, 99% used [0x00000007a9800000,0x00000007ac178080,0x00000007ac180000)
  to   space 62976K, 0% used [0x00000007b1580000,0x00000007b1580000,0x00000007b5300000)
 ParOldGen       total 214016K, used 120143K [0x00000006c7200000, 0x00000006d4300000, 0x000000076d100000)
  object space 214016K, 56% used [0x00000006c7200000,0x00000006ce753e00,0x00000006d4300000)
 Metaspace       used 61054K, capacity 89815K, committed 89896K, reserved 1112064K
  class space    used 16637K, capacity 26352K, committed 26408K, reserved 1048576K
Event: 2460,856 GC heap after
Heap after GC invocations=21 (full 3):
 PSYoungGen      total 989696K, used 41472K [0x000000076d100000, 0x00000007b3e80000, 0x00000007c0000000)
  eden space 947712K, 0% used [0x000000076d100000,0x000000076d100000,0x00000007a6e80000)
  from space 41984K, 98% used [0x00000007b1580000,0x00000007b3e00060,0x00000007b3e80000)
  to   space 66048K, 0% used [0x00000007abd80000,0x00000007abd80000,0x00000007afe00000)
 ParOldGen       total 214016K, used 162887K [0x00000006c7200000, 0x00000006d4300000, 0x000000076d100000)
  object space 214016K, 76% used [0x00000006c7200000,0x00000006d1111cc8,0x00000006d4300000)
 Metaspace       used 61054K, capacity 89815K, committed 89896K, reserved 1112064K
  class space    used 16637K, capacity 26352K, committed 26408K, reserved 1048576K
}
Event: 2786,380 GC heap before
{Heap before GC invocations=22 (full 3):
 PSYoungGen      total 989696K, used 989184K [0x000000076d100000, 0x00000007b3e80000, 0x00000007c0000000)
  eden space 947712K, 100% used [0x000000076d100000,0x00000007a6e80000,0x00000007a6e80000)
  from space 41984K, 98% used [0x00000007b1580000,0x00000007b3e00060,0x00000007b3e80000)
  to   space 66048K, 0% used [0x00000007abd80000,0x00000007abd80000,0x00000007afe00000)
 ParOldGen       total 214016K, used 162887K [0x00000006c7200000, 0x00000006d4300000, 0x000000076d100000)
  object space 214016K, 76% used [0x00000006c7200000,0x00000006d1111cc8,0x00000006d4300000)
 Metaspace       used 61585K, capacity 91135K, committed 91304K, reserved 1114112K
  class space    used 16804K, capacity 26792K, committed 26792K, reserved 1048576K
Event: 2786,395 GC heap after
Heap after GC invocations=22 (full 3):
 PSYoungGen      total 955392K, used 48096K [0x000000076d100000, 0x00000007b1600000, 0x00000007c0000000)
  eden space 907264K, 0% used [0x000000076d100000,0x000000076d100000,0x00000007a4700000)
  from space 48128K, 99% used [0x00000007abd80000,0x00000007aec78080,0x00000007aec80000)
  to   space 42496K, 0% used [0x00000007aec80000,0x00000007aec80000,0x00000007b1600000)
 ParOldGen       total 214016K, used 162895K [0x00000006c7200000, 0x00000006d4300000, 0x000000076d100000)
  object space 214016K, 76% used [0x00000006c7200000,0x00000006d1113cc8,0x00000006d4300000)
 Metaspace       used 61585K, capacity 91135K, committed 91304K, reserved 1114112K
  class space    used 16804K, capacity 26792K, committed 26792K, reserved 1048576K
}
Event: 3224,050 GC heap before
{Heap before GC invocations=23 (full 3):
 PSYoungGen      total 955392K, used 955360K [0x000000076d100000, 0x00000007b1600000, 0x00000007c0000000)
  eden space 907264K, 100% used [0x000000076d100000,0x00000007a4700000,0x00000007a4700000)
  from space 48128K, 99% used [0x00000007abd80000,0x00000007aec78080,0x00000007aec80000)
  to   space 42496K, 0% used [0x00000007aec80000,0x00000007aec80000,0x00000007b1600000)
 ParOldGen       total 214016K, used 162895K [0x00000006c7200000, 0x00000006d4300000, 0x000000076d100000)
  object space 214016K, 76% used [0x00000006c7200000,0x00000006d1113cc8,0x00000006d4300000)
 Metaspace       used 62041K, capacity 92127K, committed 92200K, reserved 1114112K
  class space    used 16953K, capacity 27144K, committed 27176K, reserved 1048576K
Event: 3224,080 GC heap after
Heap after GC invocations=23 (full 3):
 PSYoungGen      total 911360K, used 42480K [0x000000076d100000, 0x00000007b1600000, 0x00000007c0000000)
  eden space 868864K, 0% used [0x000000076d100000,0x000000076d100000,0x00000007a2180000)
  from space 42496K, 99% used [0x00000007aec80000,0x00000007b15fc050,0x00000007b1600000)
  to   space 76800K, 0% used [0x00000007a8000000,0x00000007a8000000,0x00000007acb00000)
 ParOldGen       total 214016K, used 176017K [0x00000006c7200000, 0x00000006d4300000, 0x000000076d100000)
  object space 214016K, 82% used [0x00000006c7200000,0x00000006d1de4640,0x00000006d4300000)
 Metaspace       used 62041K, capacity 92127K, committed 92200K, reserved 1114112K
  class space    used 16953K, capacity 27144K, committed 27176K, reserved 1048576K
}

